<?xml version="1.0" encoding="UTF-8"?>
<!-- Generated by org.testng.reporters.JUnitReportReporter -->
<testsuite skipped="0" hostname="shiv-PC" name="com.qsp.OrangeHRMtest.LoginTest" tests="2" failures="0" timestamp="27 May 2019 09:13:46 GMT" time="19.643" errors="0">
  <testcase name="loginWithValidUserTest" time="8.950" classname="com.qsp.OrangeHRMtest.LoginTest"/>
  <testcase name="loginWithInValidUserTest" time="10.693" classname="com.qsp.OrangeHRMtest.LoginTest"/>
</testsuite> <!-- com.qsp.OrangeHRMtest.LoginTest -->
