<?xml version="1.0" encoding="UTF-8"?>
<!-- Generated by org.testng.reporters.JUnitReportReporter -->
<testsuite skipped="0" hostname="shiv-PC" name="com.qsp.OrangeHRMtest.LoginTest" tests="2" failures="0" timestamp="26 May 2019 12:12:22 GMT" time="64.298" errors="0">
  <testcase name="loginWithValidUserTest" time="31.301" classname="com.qsp.OrangeHRMtest.LoginTest"/>
  <testcase name="loginWithInValidUserTest" time="32.997" classname="com.qsp.OrangeHRMtest.LoginTest"/>
</testsuite> <!-- com.qsp.OrangeHRMtest.LoginTest -->
