<?xml version="1.0" encoding="UTF-8"?>
<!-- Generated by org.testng.reporters.JUnitReportReporter -->
<testsuite skipped="0" hostname="shiv-PC" name="com.qsp.OrangeHRMtest.LoginTest" tests="2" failures="0" timestamp="01 Jun 2019 08:35:23 GMT" time="17.375" errors="0">
  <testcase name="loginWithValidUserTest" time="2.640" classname="com.qsp.OrangeHRMtest.LoginTest"/>
  <testcase name="loginWithInValidUserTest" time="14.735" classname="com.qsp.OrangeHRMtest.LoginTest"/>
</testsuite> <!-- com.qsp.OrangeHRMtest.LoginTest -->
